\BOOKMARK [0][-]{section*.1}{\376\377\000L\000E\000M\000B\000A\000R\000\040\000P\000E\000N\000G\000E\000S\000A\000H\000A\000N}{}% 1
\BOOKMARK [0][-]{Item.6}{\376\377\000K\000A\000T\000A\000\040\000P\000E\000N\000G\000A\000N\000T\000A\000R}{}% 2
\BOOKMARK [0][-]{chapter*.3}{\376\377\000D\000A\000F\000T\000A\000R\000\040\000I\000S\000I}{}% 3
\BOOKMARK [0][-]{chapter*.4}{\376\377\000D\000A\000F\000T\000A\000R\000\040\000G\000A\000M\000B\000A\000R}{}% 4
\BOOKMARK [0][-]{chapter*.5}{\376\377\000D\000A\000F\000T\000A\000R\000\040\000T\000A\000B\000E\000L}{}% 5
\BOOKMARK [0][-]{chapter.1}{\376\377\000P\000E\000N\000D\000A\000H\000U\000L\000U\000A\000N}{}% 6
\BOOKMARK [1][-]{section.1.1}{\376\377\000L\000a\000t\000a\000r\000\040\000B\000e\000l\000a\000k\000a\000n\000g\000\040\000M\000a\000s\000a\000l\000a\000h}{chapter.1}% 7
\BOOKMARK [1][-]{section.1.2}{\376\377\000R\000u\000m\000u\000s\000a\000n\000\040\000M\000a\000s\000a\000l\000a\000h}{chapter.1}% 8
\BOOKMARK [1][-]{section.1.3}{\376\377\000P\000e\000m\000b\000a\000t\000a\000s\000a\000n\000\040\000M\000a\000s\000a\000l\000a\000h}{chapter.1}% 9
\BOOKMARK [1][-]{section.1.4}{\376\377\000T\000u\000j\000u\000a\000n\000\040\000P\000e\000n\000e\000l\000i\000t\000i\000a\000n}{chapter.1}% 10
\BOOKMARK [1][-]{section.1.5}{\376\377\000M\000a\000n\000f\000a\000a\000t\000\040\000P\000e\000n\000e\000l\000i\000t\000i\000a\000n}{chapter.1}% 11
\BOOKMARK [0][-]{chapter.2}{\376\377\000K\000A\000J\000I\000A\000N\000\040\000P\000U\000S\000T\000A\000K\000A}{}% 12
\BOOKMARK [1][-]{section.2.1}{\376\377\000C\000i\000t\000r\000a\000\040\000G\000a\000m\000b\000a\000r\000\040\000D\000i\000g\000i\000t\000a\000l}{chapter.2}% 13
\BOOKMARK [1][-]{section.2.2}{\376\377\000P\000e\000m\000r\000o\000s\000e\000s\000a\000n\000\040\000C\000i\000t\000r\000a\000\040\000D\000i\000g\000i\000t\000a\000l}{chapter.2}% 14
\BOOKMARK [1][-]{section.2.3}{\376\377\000C\000i\000t\000r\000a\000\040\000G\000a\000m\000b\000a\000r\000\040\000B\000e\000r\000w\000a\000r\000n\000a}{chapter.2}% 15
\BOOKMARK [1][-]{section.2.4}{\376\377\000P\000e\000m\000o\000d\000e\000l\000a\000n\000\040\000D\000i\000s\000t\000r\000i\000b\000u\000s\000i\000\040\000G\000a\000u\000s\000s\000i\000a\000n\000\040\000M\000i\000x\000t\000u\000r\000e\000\040\000M\000o\000d\000e\000l}{chapter.2}% 16
\BOOKMARK [1][-]{section.2.5}{\376\377\000S\000e\000g\000m\000e\000n\000t\000a\000s\000i\000\040\000P\000e\000m\000i\000s\000a\000h\000a\000n\000\040\000O\000b\000j\000e\000k\000\040\000d\000a\000r\000i\000\040\000L\000a\000t\000a\000r\000\040\000B\000e\000l\000a\000k\000a\000n\000g\000\040\000d\000e\000n\000g\000a\000n\000\040\000A\000l\000g\000o\000r\000i\000t\000m\000a\000\040\000G\000r\000a\000p\000h\000C\000u\000t}{chapter.2}% 17
\BOOKMARK [2][-]{subsection.2.5.1}{\376\377\000M\000e\000t\000o\000d\000e\000\040\000A\000w\000a\000l}{section.2.5}% 18
\BOOKMARK [2][-]{subsection.2.5.2}{\376\377\000L\000a\000t\000a\000r\000\040\000B\000e\000l\000a\000k\000a\000n\000g\000\040\000P\000a\000d\000a\000\040\000G\000r\000a\000f}{section.2.5}% 19
\BOOKMARK [2][-]{subsection.2.5.3}{\376\377\000A\000l\000g\000o\000r\000i\000t\000m\000a\000\040\000M\000i\000n\000c\000u\000t\000/\000M\000a\000x\000-\000F\000l\000o\000w\000\040\000T\000e\000r\000b\000a\000r\000u}{section.2.5}% 20
\BOOKMARK [1][-]{section.2.6}{\376\377\000S\000e\000g\000m\000e\000n\000t\000a\000s\000i\000\040\000C\000i\000t\000r\000a\000\040\000d\000e\000n\000g\000a\000n\000\040\000A\000l\000g\000o\000r\000i\000t\000m\000a\000\040\000G\000r\000a\000b\000C\000u\000t}{chapter.2}% 21
\BOOKMARK [2][-]{subsection.2.6.1}{\376\377\000S\000i\000s\000t\000e\000m\000\040\000y\000a\000n\000g\000\040\000D\000i\000u\000s\000u\000l\000k\000a\000n\000\040\000:\000\040\000G\000r\000a\000b\000C\000u\000t}{section.2.6}% 22
\BOOKMARK [2][-]{subsection.2.6.2}{\376\377\000S\000e\000g\000m\000e\000n\000t\000a\000s\000i\000\040\000g\000a\000m\000b\000a\000r\000\040\000d\000e\000n\000g\000a\000n\000\040\000g\000r\000a\000p\000h\000\040\000c\000u\000t}{section.2.6}% 23
\BOOKMARK [2][-]{subsection.2.6.3}{\376\377\000S\000e\000g\000m\000e\000n\000t\000a\000s\000i\000\040\000g\000a\000m\000b\000a\000r\000\040\000d\000e\000n\000g\000a\000n\000\040\000a\000l\000g\000o\000r\000i\000t\000m\000a\000\040\000G\000r\000a\000b\000C\000u\000t}{section.2.6}% 24
\BOOKMARK [0][-]{chapter.3}{\376\377\000M\000E\000T\000O\000D\000O\000L\000O\000G\000I\000\040\000P\000E\000N\000E\000L\000I\000T\000I\000A\000N}{}% 25
\BOOKMARK [1][-]{section.3.1}{\376\377\000D\000e\000s\000a\000i\000n\000\040\000S\000e\000g\000m\000e\000n\000t\000a\000s\000i\000\040\000L\000u\000k\000a\000\040\000d\000e\000n\000g\000a\000n\000\040\000M\000e\000t\000o\000d\000e\000\040\000G\000r\000a\000b\000C\000u\000t}{chapter.3}% 26
\BOOKMARK [2][-]{subsection.3.1.1}{\376\377\000I\000n\000i\000s\000i\000a\000s\000i\000\040\000K\000o\000t\000a\000k\000\040\000P\000e\000m\000b\000a\000t\000a\000s\000\040\000\050\000B\000o\000u\000n\000d\000i\000n\000g\000\040\000B\000o\000x\000\051}{section.3.1}% 27
\BOOKMARK [2][-]{subsection.3.1.2}{\376\377\000I\000m\000p\000l\000e\000m\000e\000n\000t\000a\000s\000i\000\040\000A\000l\000g\000o\000r\000i\000t\000m\000a\000\040\000G\000r\000a\000b\000C\000u\000t}{section.3.1}% 28
\BOOKMARK [1][-]{section.3.2}{\376\377\000D\000i\000a\000g\000r\000a\000m\000\040\000A\000l\000i\000r\000\040\000S\000e\000g\000m\000e\000n\000t\000a\000s\000i\000\040\000L\000u\000k\000a\000\040\000d\000e\000n\000g\000a\000n\000\040\000M\000e\000t\000o\000d\000e\000\040\000G\000r\000a\000b\000C\000u\000t}{chapter.3}% 29
\BOOKMARK [1][-]{section.3.3}{\376\377\000S\000t\000r\000u\000k\000t\000u\000r\000\040\000D\000a\000t\000a}{chapter.3}% 30
\BOOKMARK [2][-]{subsection.3.3.1}{\376\377\000N\000o\000d\000e}{section.3.3}% 31
\BOOKMARK [2][-]{subsection.3.3.2}{\376\377\000L\000i\000n\000k\000e\000d\000l\000i\000s\000t}{section.3.3}% 32
\BOOKMARK [2][-]{subsection.3.3.3}{\376\377\000T\000r\000e\000e}{section.3.3}% 33
\BOOKMARK [2][-]{subsection.3.3.4}{\376\377\000G\000r\000a\000f}{section.3.3}% 34
\BOOKMARK [2][-]{subsection.3.3.5}{\376\377\000A\000l\000g\000o\000r\000i\000t\000m\000a\000\040\000G\000r\000a\000b\000C\000u\000t}{section.3.3}% 35
\BOOKMARK [1][-]{section.3.4}{\376\377\000A\000l\000g\000o\000r\000i\000t\000m\000a\000\040\000S\000e\000g\000m\000e\000n\000t\000a\000s\000i\000\040\000G\000a\000m\000b\000a\000r\000\040\000d\000e\000n\000g\000a\000n\000\040\000M\000e\000t\000o\000d\000e\000\040\000G\000r\000a\000b\000C\000u\000t}{chapter.3}% 36
\BOOKMARK [1][-]{section.3.5}{\376\377\000A\000l\000a\000t\000\040\000d\000a\000n\000\040\000B\000a\000h\000a\000n\000\040\000P\000e\000n\000e\000l\000i\000t\000i\000a\000n}{chapter.3}% 37
\BOOKMARK [1][-]{section.3.6}{\376\377\000T\000a\000h\000a\000p\000a\000n\000\040\000P\000e\000n\000e\000l\000i\000t\000i\000a\000n}{chapter.3}% 38
\BOOKMARK [2][-]{subsection.3.6.1}{\376\377\000P\000e\000r\000s\000i\000a\000p\000a\000n\000\040\000d\000a\000t\000a\000s\000e\000t\000\040\000i\000n\000p\000u\000t\000\040\000c\000i\000t\000r\000a}{section.3.6}% 39
\BOOKMARK [2][-]{subsection.3.6.2}{\376\377\000I\000n\000i\000s\000i\000a\000i\000\040\000B\000o\000u\000n\000d\000i\000n\000g\000\040\000B\000o\000x\000\040\000d\000i\000\040\000a\000r\000e\000a\000\040\000l\000u\000k\000a}{section.3.6}% 40
\BOOKMARK [2][-]{subsection.3.6.3}{\376\377\000I\000n\000i\000s\000i\000a\000s\000i\000\040\000G\000M\000M}{section.3.6}% 41
\BOOKMARK [2][-]{subsection.3.6.4}{\376\377\000M\000e\000m\000p\000e\000l\000a\000j\000a\000r\000i\000\040\000p\000a\000r\000a\000m\000e\000t\000e\000r\000\040\000G\000M\000M}{section.3.6}% 42
\BOOKMARK [2][-]{subsection.3.6.5}{\376\377\000S\000e\000g\000m\000e\000n\000t\000a\000s\000i\000\040\000C\000i\000t\000r\000a\000\040\000d\000e\000n\000g\000a\000n\000\040\000A\000l\000g\000o\000r\000i\000t\000m\000a\000\040\000M\000i\000n\000c\000u\000t}{section.3.6}% 43
\BOOKMARK [2][-]{subsection.3.6.6}{\376\377\000M\000e\000n\000g\000h\000i\000t\000u\000n\000g\000\040\000T\000i\000n\000g\000k\000a\000t\000\040\000A\000k\000u\000r\000a\000s\000i}{section.3.6}% 44
\BOOKMARK [1][-]{section.3.7}{\376\377\000S\000k\000e\000n\000a\000r\000i\000o\000\040\000E\000k\000s\000p\000e\000r\000i\000m\000e\000n}{chapter.3}% 45
\BOOKMARK [0][-]{chapter.4}{\376\377\000H\000A\000S\000I\000L\000\040\000D\000A\000N\000\040\000P\000E\000M\000B\000A\000H\000A\000S\000A\000N}{}% 46
\BOOKMARK [1][-]{section.4.1}{\376\377\000P\000e\000m\000r\000o\000s\000e\000s\000a\000n\000\040\000c\000i\000t\000r\000a\000\040\000g\000a\000m\000b\000a\000r\000\040\000i\000n\000p\000u\000t}{chapter.4}% 47
\BOOKMARK [1][-]{section.4.2}{\376\377\000D\000e\000t\000e\000k\000s\000i\000\040\000k\000e\000l\000i\000l\000i\000n\000g\000\040\000l\000u\000k\000a\000\040\000m\000e\000n\000g\000g\000u\000n\000a\000k\000a\000n\000\040\000G\000r\000a\000b\000c\000u\000t}{chapter.4}% 48
\BOOKMARK [2][-]{subsection.4.2.1}{\376\377\000I\000n\000i\000s\000i\000a\000s\000i\000\040\000k\000o\000t\000a\000k\000\040\000\050\000B\000o\000u\000n\000d\000i\000n\000g\000\040\000B\000o\000x\000\051}{section.4.2}% 49
\BOOKMARK [2][-]{subsection.4.2.2}{\376\377\000I\000n\000i\000s\000i\000a\000s\000i\000\040\000p\000i\000k\000s\000e\000l}{section.4.2}% 50
\BOOKMARK [0][-]{chapter.5}{\376\377\000K\000E\000S\000I\000M\000P\000U\000L\000A\000N\000\040\000D\000A\000N\000\040\000S\000A\000R\000A\000N}{}% 51
\BOOKMARK [1][-]{section.5.1}{\376\377\000K\000e\000s\000i\000m\000p\000u\000l\000a\000n}{chapter.5}% 52
\BOOKMARK [1][-]{section.5.2}{\376\377\000S\000a\000r\000a\000n}{chapter.5}% 53
\BOOKMARK [0][-]{section.5.2}{\376\377\000D\000A\000F\000T\000A\000R\000\040\000P\000U\000S\000T\000A\000K\000A}{}% 54
\BOOKMARK [0][-]{appendix.A}{\376\377\000S\000o\000u\000r\000c\000e\000\040\000c\000o\000d\000e\000\040\000p\000r\000o\000g\000r\000a\000m}{}% 55
\BOOKMARK [1][-]{section.A.1}{\376\377\000m\000a\000i\000n\000.\000p\000y}{appendix.A}% 56
\BOOKMARK [1][-]{section.A.2}{\376\377\000i\000m\000a\000g\000e\000\137\000e\000d\000i\000t\000i\000n\000g\000.\000p\000y}{appendix.A}% 57
\BOOKMARK [1][-]{section.A.3}{\376\377\000g\000r\000a\000b\000c\000u\000t\000.\000p\000y}{appendix.A}% 58
\BOOKMARK [1][-]{section.A.4}{\376\377\000G\000M\000M\000.\000p\000y}{appendix.A}% 59
\BOOKMARK [0][-]{appendix.B}{\376\377\000T\000a\000b\000e\000l\000\040\000p\000e\000n\000g\000o\000l\000a\000h\000a\000n\000\040\000d\000a\000t\000a\000\040\000c\000i\000t\000r\000a\000\040\000i\000n\000p\000u\000t}{}% 60
